#
# There is insufficient memory for the Java Runtime Environment to continue.
# Native memory allocation (mmap) failed to map 234881024 bytes for G1 virtual space
# Possible reasons:
#   The system is out of physical RAM or swap space
#   The process is running with CompressedOops enabled, and the Java Heap may be blocking the growth of the native heap
# Possible solutions:
#   Reduce memory load on the system
#   Increase physical memory or swap space
#   Check if swap backing store is full
#   Decrease Java heap size (-Xmx/-Xms)
#   Decrease number of Java threads
#   Decrease Java thread stack sizes (-Xss)
#   Set larger code cache with -XX:ReservedCodeCacheSize=
#   JVM is running with Zero Based Compressed Oops mode in which the Java heap is
#     placed in the first 32GB address space. The Java Heap base address is the
#     maximum limit for the native heap growth. Please use -XX:HeapBaseMinAddress
#     to set the Java Heap base and to place the Java Heap above 32GB virtual address.
# This output file may be truncated or incomplete.
#
#  Out of Memory Error (os_windows.cpp:3469), pid=9352, tid=6072
#
# JRE version:  (17.0.1+12) (build )
# Java VM: Java HotSpot(TM) 64-Bit Server VM (17.0.1+12-LTS-39, mixed mode, sharing, tiered, compressed oops, compressed class ptrs, g1 gc, windows-amd64)
# No core dump will be written. Minidumps are not enabled by default on client versions of Windows
#

---------------  S U M M A R Y ------------

Command Line: -Dfile.encoding=Cp1252 -XX:+ShowCodeDetailsInExceptionMessages com.br.campo_minado.modelo.Aplicacao

Host: AMD Ryzen 7 3750H with Radeon Vega Mobile Gfx  , 8 cores, 13G,  Windows 10 , 64 bit Build 22000 (10.0.22000.434)
Time: Fri Feb  4 15:12:05 2022 Hora oficial do Brasil elapsed time: 0.015705 seconds (0d 0h 0m 0s)

---------------  T H R E A D  ---------------

Current thread (0x000001aeea90ea60):  JavaThread "Unknown thread" [_thread_in_vm, id=6072, stack(0x0000009d96100000,0x0000009d96200000)]

Stack: [0x0000009d96100000,0x0000009d96200000]
Native frames: (J=compiled Java code, j=interpreted, Vv=VM code, C=native code)
V  [jvm.dll+0x66fa1a]
V  [jvm.dll+0x7ce5a4]
V  [jvm.dll+0x7cfd4e]
V  [jvm.dll+0x7d03b3]
V  [jvm.dll+0x242b05]
V  [jvm.dll+0x66ca39]
V  [jvm.dll+0x661502]
V  [jvm.dll+0x30081b]
V  [jvm.dll+0x307da6]
V  [jvm.dll+0x357a1e]
V  [jvm.dll+0x357c4f]
V  [jvm.dll+0x2d7ad8]
V  [jvm.dll+0x2d8a44]
V  [jvm.dll+0x7a01e1]
V  [jvm.dll+0x365791]
V  [jvm.dll+0x77f6cc]
V  [jvm.dll+0x3e812f]
V  [jvm.dll+0x3e9bd1]
C  [jli.dll+0x527b]
C  [ucrtbase.dll+0x26c0c]
C  [KERNEL32.DLL+0x154e0]
C  [ntdll.dll+0x485b]


---------------  P R O C E S S  ---------------

Threads class SMR info:
_java_thread_list=0x00007ffea6c07818, length=0, elements={
}

Java Threads: ( => current thread )

Other Threads:
  0x000001aeea958960 GCTaskThread "GC Thread#0" [stack: 0x0000009d96200000,0x0000009d96300000] [id=10260]
  0x000001aeea967f50 ConcurrentGCThread "G1 Main Marker" [stack: 0x0000009d96300000,0x0000009d96400000] [id=23160]
  0x000001aeea968960 ConcurrentGCThread "G1 Conc#0" [stack: 0x0000009d96400000,0x0000009d96500000] [id=14272]

[error occurred during error reporting (printing all threads), id 0xc0000005, EXCEPTION_ACCESS_VIOLATION (0xc0000005) at pc=0x00007ffea64584b7]

VM state: not at safepoint (not fully initialized)

VM Mutex/Monitor currently owned by a thread:  ([mutex/lock_event])
[0x000001aeea90c080] Heap_lock - owner thread: 0x000001aeea90ea60

Heap address: 0x0000000720e00000, size: 3570 MB, Compressed Oops mode: Zero based, Oop shift amount: 3

CDS archive(s) mapped at: [0x0000000000000000-0x0000000000000000-0x0000000000000000), size 0, SharedBaseAddress: 0x0000000800000000, ArchiveRelocationMode: 0.
Narrow klass base: 0x0000000000000000, Narrow klass shift: 0, Narrow klass range: 0x0

GC Precious Log:
<Empty>

Heap:
 garbage-first heap   total 0K, used 0K [0x0000000720e00000, 0x0000000800000000)
  region size 2048K, 0 young (0K), 0 survivors (0K)

[error occurred during error reporting (printing heap information), id 0xc0000005, EXCEPTION_ACCESS_VIOLATION (0xc0000005) at pc=0x00007ffea6838d89]

GC Heap History (0 events):
No events

Deoptimization events (0 events):
No events

Classes unloaded (0 events):
No events

Classes redefined (0 events):
No events

Internal exceptions (0 events):
No events

VM Operations (0 events):
No events

Events (1 events):
Event: 0.008 Loaded shared library D:\14-ProgramasInstalados\JavaJDK\bin\java.dll


Dynamic libraries:
0x00007ff725930000 - 0x00007ff725940000 	D:\14-ProgramasInstalados\JavaJDK\bin\javaw.exe
0x00007ffedac20000 - 0x00007ffedae27000 	C:\Windows\SYSTEM32\ntdll.dll
0x00007ffed9840000 - 0x00007ffed98fd000 	C:\Windows\System32\KERNEL32.DLL
0x00007ffed8410000 - 0x00007ffed8784000 	C:\Windows\System32\KERNELBASE.dll
0x00007ffed8230000 - 0x00007ffed8341000 	C:\Windows\System32\ucrtbase.dll
0x00007ffed4e30000 - 0x00007ffed4e4a000 	D:\14-ProgramasInstalados\JavaJDK\bin\VCRUNTIME140.dll
0x00007ffed2b60000 - 0x00007ffed2b78000 	D:\14-ProgramasInstalados\JavaJDK\bin\jli.dll
0x00007ffed9900000 - 0x00007ffed99ae000 	C:\Windows\System32\ADVAPI32.dll
0x00007ffeda760000 - 0x00007ffeda803000 	C:\Windows\System32\msvcrt.dll
0x00007ffed9320000 - 0x00007ffed93be000 	C:\Windows\System32\sechost.dll
0x00007ffed9be0000 - 0x00007ffed9d00000 	C:\Windows\System32\RPCRT4.dll
0x00007ffed9170000 - 0x00007ffed931c000 	C:\Windows\System32\USER32.dll
0x00007ffecab00000 - 0x00007ffecada5000 	C:\Windows\WinSxS\amd64_microsoft.windows.common-controls_6595b64144ccf1df_6.0.22000.120_none_9d947278b86cc467\COMCTL32.dll
0x00007ffed8200000 - 0x00007ffed8226000 	C:\Windows\System32\win32u.dll
0x00007ffeda8e0000 - 0x00007ffeda909000 	C:\Windows\System32\GDI32.dll
0x00007ffed8900000 - 0x00007ffed8a12000 	C:\Windows\System32\gdi32full.dll
0x00007ffed8a20000 - 0x00007ffed8abd000 	C:\Windows\System32\msvcp_win.dll
0x00007ffed1a40000 - 0x00007ffed1a4a000 	C:\Windows\SYSTEM32\VERSION.dll
0x00007ffed9d00000 - 0x00007ffed9d31000 	C:\Windows\System32\IMM32.DLL
0x00007ffed2b50000 - 0x00007ffed2b5c000 	D:\14-ProgramasInstalados\JavaJDK\bin\vcruntime140_1.dll
0x00007ffeb93c0000 - 0x00007ffeb944d000 	D:\14-ProgramasInstalados\JavaJDK\bin\msvcp140.dll
0x00007ffea6170000 - 0x00007ffea6d2e000 	D:\14-ProgramasInstalados\JavaJDK\bin\server\jvm.dll
0x00007ffeda810000 - 0x00007ffeda818000 	C:\Windows\System32\PSAPI.DLL
0x00007ffed2ab0000 - 0x00007ffed2ab9000 	C:\Windows\SYSTEM32\WSOCK32.dll
0x00007ffed2730000 - 0x00007ffed2763000 	C:\Windows\SYSTEM32\WINMM.dll
0x00007ffed97d0000 - 0x00007ffed983f000 	C:\Windows\System32\WS2_32.dll
0x00007ffed71d0000 - 0x00007ffed71e8000 	C:\Windows\SYSTEM32\kernel.appcore.dll
0x00007ffecbdb0000 - 0x00007ffecbdba000 	D:\14-ProgramasInstalados\JavaJDK\bin\jimage.dll
0x00007ffecf000000 - 0x00007ffecf221000 	C:\Windows\SYSTEM32\DBGHELP.DLL
0x00007ffec3420000 - 0x00007ffec3451000 	C:\Windows\SYSTEM32\dbgcore.DLL
0x00007ffed8110000 - 0x00007ffed818f000 	C:\Windows\System32\bcryptPrimitives.dll
0x00007ffec5d20000 - 0x00007ffec5d45000 	D:\14-ProgramasInstalados\JavaJDK\bin\java.dll

dbghelp: loaded successfully - version: 4.0.5 - missing functions: none
symbol engine: initialized successfully - sym options: 0x614 - pdb path: .;D:\14-ProgramasInstalados\JavaJDK\bin;C:\Windows\SYSTEM32;C:\Windows\WinSxS\amd64_microsoft.windows.common-controls_6595b64144ccf1df_6.0.22000.120_none_9d947278b86cc467;D:\14-ProgramasInstalados\JavaJDK\bin\server

VM Arguments:
jvm_args: -Dfile.encoding=Cp1252 -XX:+ShowCodeDetailsInExceptionMessages 
java_command: com.br.campo_minado.modelo.Aplicacao
java_class_path (initial): C:\Users\KarinaFedrizzi\OneDrive\Desktop-Arquivos\Project\Curso de Java\exercicios\campo_minado\bin;C:\Users\KarinaFedrizzi\.p2\pool\plugins\org.junit.jupiter.api_5.8.1.v20211018-1956.jar;C:\Users\KarinaFedrizzi\.p2\pool\plugins\org.junit.jupiter.engine_5.8.1.v20211018-1956.jar;C:\Users\KarinaFedrizzi\.p2\pool\plugins\org.junit.jupiter.migrationsupport_5.8.1.v20211018-1956.jar;C:\Users\KarinaFedrizzi\.p2\pool\plugins\org.junit.jupiter.params_5.8.1.v20211018-1956.jar;C:\Users\KarinaFedrizzi\.p2\pool\plugins\org.junit.platform.commons_1.8.1.v20211018-1956.jar;C:\Users\KarinaFedrizzi\.p2\pool\plugins\org.junit.platform.engine_1.8.1.v20211018-1956.jar;C:\Users\KarinaFedrizzi\.p2\pool\plugins\org.junit.platform.launcher_1.8.1.v20211018-1956.jar;C:\Users\KarinaFedrizzi\.p2\pool\plugins\org.junit.platform.runner_1.8.1.v20211018-1956.jar;C:\Users\KarinaFedrizzi\.p2\pool\plugins\org.junit.platform.suite.api_1.8.1.v20211018-1956.jar;C:\Users\KarinaFedrizzi\.p2\pool\plugins\org.junit.platform.suite.engine_1.8.1.v20211028-1957.jar;C:\Users\KarinaFedrizzi\.p2\pool\plugins\org.junit.platform.suite.commons_1.8.1.v20211018-1956.jar;C:\Users\KarinaFedrizzi\.p2\pool\plugins\org.junit.vintage.engine_5.8.1.v20211018-1956.jar;C:\Users\KarinaFedrizzi\.p2\pool\plugins\org.opentest4j_1.2.0.v20211018-1956.jar;C:\Users\KarinaFedrizzi\.p2\pool\plugins\org.apiguardian_1.1.2.v20211018-1956.jar;C:\Users\KarinaFedrizzi\.p2\pool\plugins\org.junit_4.13.2.v20211018-1956.jar;C:\Users\KarinaFedrizzi\.p2\pool\plugins\org.hamcrest.core_1.3.0.v20180420-1519.jar
Launcher Type: SUN_STANDARD

[Global flags]
     intx CICompilerCount                          = 4                                         {product} {ergonomic}
     uint ConcGCThreads                            = 2                                         {product} {ergonomic}
     uint G1ConcRefinementThreads                  = 8                                         {product} {ergonomic}
   size_t G1HeapRegionSize                         = 2097152                                   {product} {ergonomic}
    uintx GCDrainStackTargetSize                   = 64                                        {product} {ergonomic}
   size_t InitialHeapSize                          = 234881024                                 {product} {ergonomic}
   size_t MarkStackSize                            = 4194304                                   {product} {ergonomic}
   size_t MaxHeapSize                              = 3743416320                                {product} {ergonomic}
   size_t MinHeapDeltaBytes                        = 2097152                                   {product} {ergonomic}
   size_t MinHeapSize                              = 8388608                                   {product} {ergonomic}
    uintx NonNMethodCodeHeapSize                   = 5839372                                {pd product} {ergonomic}
    uintx NonProfiledCodeHeapSize                  = 122909434                              {pd product} {ergonomic}
    uintx ProfiledCodeHeapSize                     = 122909434                              {pd product} {ergonomic}
    uintx ReservedCodeCacheSize                    = 251658240                              {pd product} {ergonomic}
     bool SegmentedCodeCache                       = true                                      {product} {ergonomic}
     bool ShowCodeDetailsInExceptionMessages       = true                                   {manageable} {command line}
   size_t SoftMaxHeapSize                          = 3743416320                             {manageable} {ergonomic}
     bool UseCompressedClassPointers               = true                           {product lp64_product} {ergonomic}
     bool UseCompressedOops                        = true                           {product lp64_product} {ergonomic}
     bool UseG1GC                                  = true                                      {product} {ergonomic}
     bool UseLargePagesIndividualAllocation        = false                                  {pd product} {ergonomic}

Logging:
Log output configuration:
 #0: stdout all=warning uptime,level,tags
 #1: stderr all=off uptime,level,tags

Environment Variables:
PATH=C:\Program Files\Common Files\Oracle\Java\javapath;C:\Program Files (x86)\Common Files\Oracle\Java\javapath;C:\Python310\Scripts\;C:\Python310\;C:\Windows\system32;C:\Windows;C:\Windows\System32\Wbem;C:\Windows\System32\WindowsPowerShell\v1.0\;C:\Windows\System32\OpenSSH\;C:\Program Files (x86)\NVIDIA Corporation\PhysX\Common;C:\Program Files\NVIDIA Corporation\NVIDIA NvDLISR;C:\ProgramData\chocolatey\bin;D:\14-ProgramasInstalados\Node\;C:\Program Files\Docker\Docker\resources\bin;C:\ProgramData\DockerDesktop\version-bin;D:\14-ProgramasInstalados\Git\cmd;D:\14-ProgramasInstalados\Git\mingw64\bin;D:\14-ProgramasInstalados\Git\usr\bin;C:\Users\KarinaFedrizzi\AppData\Local\Microsoft\WindowsApps;D:\14-ProgramasInstalados\Microsoft VS Code\bin;C:\Users\KarinaFedrizzi\AppData\Roaming\npm
USERNAME=KarinaFedrizzi
OS=Windows_NT
PROCESSOR_IDENTIFIER=AMD64 Family 23 Model 24 Stepping 1, AuthenticAMD



---------------  S Y S T E M  ---------------

OS:
 Windows 10 , 64 bit Build 22000 (10.0.22000.434)
OS uptime: 5 days 20:32 hours
Hyper-V role detected

CPU: total 8 (initial active 8) (8 cores per cpu, 2 threads per core) family 23 model 24 stepping 1 microcode 0x0, cx8, cmov, fxsr, ht, mmx, 3dnowpref, sse, sse2, sse3, ssse3, sse4a, sse4.1, sse4.2, popcnt, lzcnt, tsc, tscinvbit, avx, avx2, aes, clmul, bmi1, bmi2, adx, sha, fma, vzeroupper, clflush, clflushopt, hv

Memory: 4k page, system-wide physical 14274M (6631M free)
TotalPageFile size 29446M (AvailPageFile size 228M)
current process WorkingSet (physical memory assigned to process): 10M, peak: 10M
current process commit charge ("private bytes"): 60M, peak: 284M

vm_info: Java HotSpot(TM) 64-Bit Server VM (17.0.1+12-LTS-39) for windows-amd64 JRE (17.0.1+12-LTS-39), built on Sep 27 2021 18:41:35 by "mach5one" with MS VC++ 16.8 (VS2019)

END.
